build/intermediates/manifest_merge_blame_file/release/manifest-merger-blame-release-report.txt
1<?xml version="1.0" encoding="utf-8"?>
2<manifest xmlns:android="http://schemas.android.com/apk/res/android"
3    package="aandrosov.weather.app"
4    android:versionCode="1"
5    android:versionName="1.0.0" >
6
7    <uses-sdk
8        android:minSdkVersion="28"
8-->src/main/AndroidManifest.xml
9        android:targetSdkVersion="34" />
9-->src/main/AndroidManifest.xml
10
11    <uses-permission android:name="android.permission.INTERNET" />
11-->src/main/AndroidManifest.xml:2:5-66
11-->src/main/AndroidManifest.xml:2:22-64
12    <uses-permission android:name="android.permission.ACCESS_FINE_LOCATION" />
12-->src/main/AndroidManifest.xml:3:5-78
12-->src/main/AndroidManifest.xml:3:22-76
13    <uses-permission android:name="android.permission.ACCESS_COARSE_LOCATION" />
13-->src/main/AndroidManifest.xml:4:5-80
13-->src/main/AndroidManifest.xml:4:22-78
14    <uses-permission android:name="android.permission.ACCESS_BACKGROUND_LOCATION" />
14-->src/main/AndroidManifest.xml:5:5-84
14-->src/main/AndroidManifest.xml:5:22-82
15    <uses-permission android:name="android.permission.FOREGROUND_SERVICE_LOCATION" />
15-->src/main/AndroidManifest.xml:6:5-85
15-->src/main/AndroidManifest.xml:6:22-83
16    <uses-permission android:name="android.permission.ACCESS_LOCATION_EXTRA_COMMANDS" />
16-->src/main/AndroidManifest.xml:7:5-88
16-->src/main/AndroidManifest.xml:7:22-86
17
18    <permission
18-->[androidx.core:core:1.12.0] AndroidManifest.xml:22:5-24:47
19        android:name="aandrosov.weather.app.DYNAMIC_RECEIVER_NOT_EXPORTED_PERMISSION"
19-->[androidx.core:core:1.12.0] AndroidManifest.xml:23:9-81
20        android:protectionLevel="signature" />
20-->[androidx.core:core:1.12.0] AndroidManifest.xml:24:9-44
21
22    <uses-permission android:name="aandrosov.weather.app.DYNAMIC_RECEIVER_NOT_EXPORTED_PERMISSION" />
22-->[androidx.core:core:1.12.0] AndroidManifest.xml:26:5-97
22-->[androidx.core:core:1.12.0] AndroidManifest.xml:26:22-94
23
24    <application
24-->src/main/AndroidManifest.xml:9:5-24:19
25        android:name="aandrosov.weather.app.Application"
25-->src/main/AndroidManifest.xml:11:9-36
26        android:appComponentFactory="androidx.core.app.CoreComponentFactory"
26-->[androidx.core:core:1.12.0] AndroidManifest.xml:28:18-86
27        android:extractNativeLibs="false"
28        android:icon="@drawable/icon"
28-->src/main/AndroidManifest.xml:13:9-38
29        android:label="@string/app_name"
29-->src/main/AndroidManifest.xml:10:9-41
30        android:theme="@style/AppTheme" >
30-->src/main/AndroidManifest.xml:12:9-40
31        <activity
31-->src/main/AndroidManifest.xml:15:9-23:20
32            android:name="aandrosov.weather.app.MainActivity"
32-->src/main/AndroidManifest.xml:16:13-41
33            android:exported="true" >
33-->src/main/AndroidManifest.xml:17:13-36
34            <intent-filter>
34-->src/main/AndroidManifest.xml:19:13-22:29
35                <category android:name="android.intent.category.LAUNCHER" />
35-->src/main/AndroidManifest.xml:20:17-76
35-->src/main/AndroidManifest.xml:20:27-74
36
37                <action android:name="android.intent.action.MAIN" />
37-->src/main/AndroidManifest.xml:21:17-68
37-->src/main/AndroidManifest.xml:21:25-66
38            </intent-filter>
39        </activity>
40    </application>
41
42</manifest>